#
# There is insufficient memory for the Java Runtime Environment to continue.
# Native memory allocation (malloc) failed to allocate 32744 bytes for ChunkPool::allocate
# Possible reasons:
#   The system is out of physical RAM or swap space
#   In 32 bit mode, the process size limit was hit
# Possible solutions:
#   Reduce memory load on the system
#   Increase physical memory or swap space
#   Check if swap backing store is full
#   Use 64 bit Java on a 64 bit OS
#   Decrease Java heap size (-Xmx/-Xms)
#   Decrease number of Java threads
#   Decrease Java thread stack sizes (-Xss)
#   Set larger code cache with -XX:ReservedCodeCacheSize=
# This output file may be truncated or incomplete.
#
#  Out of Memory Error (allocation.cpp:273), pid=10264, tid=0x000000000000320c
#
# JRE version: OpenJDK Runtime Environment (8.0_152-b01) (build 1.8.0_152-release-1248-b01)
# Java VM: OpenJDK 64-Bit Server VM (25.152-b01 mixed mode windows-amd64 compressed oops)
# Failed to write core dump. Minidumps are not enabled by default on client versions of Windows
#

---------------  T H R E A D  ---------------

Current thread (0x000000001475c800):  JavaThread "C2 CompilerThread1" daemon [_thread_in_native, id=12812, stack(0x0000000015eb0000,0x0000000015fb0000)]

Stack: [0x0000000015eb0000,0x0000000015fb0000]
[error occurred during error reporting (printing stack bounds), id 0xc0000005]

Native frames: (J=compiled Java code, j=interpreted, Vv=VM code, C=native code)


Current CompileTask:
C2:   7565 1344       4       java.net.URLClassLoader$1::run (5 bytes)


---------------  P R O C E S S  ---------------

Java Threads: ( => current thread )
  0x00000000193b0000 JavaThread "Cache worker for file hash cache (C:\Users\Irfanet\AndroidStudioProjects\MyApplication2\.gradle\4.10.1\fileHashes)" [_thread_blocked, id=2484, stack(0x000000001a2d0000,0x000000001a3d0000)]
  0x0000000016b9e000 JavaThread "File lock request listener" [_thread_in_native, id=4924, stack(0x000000001a1d0000,0x000000001a2d0000)]
  0x00000000190ed000 JavaThread "Cache worker for file hash cache (C:\Users\Irfanet\.gradle\caches\4.10.1\fileHashes)" [_thread_blocked, id=5272, stack(0x000000001a0d0000,0x000000001a1d0000)]
  0x0000000016987000 JavaThread "Stdin handler" [_thread_blocked, id=13996, stack(0x0000000018e00000,0x0000000018f00000)]
  0x0000000016a94800 JavaThread "Asynchronous log dispatcher for DefaultDaemonConnection: socket connection from /127.0.0.1:50551 to /127.0.0.1:50552" [_thread_blocked, id=4284, stack(0x0000000018d00000,0x0000000018e00000)]
  0x0000000016a8e000 JavaThread "Daemon worker" [_thread_in_Java, id=7644, stack(0x0000000018a00000,0x0000000018b00000)]
  0x0000000016a8d800 JavaThread "Cancel handler" [_thread_blocked, id=5656, stack(0x0000000018900000,0x0000000018a00000)]
  0x0000000016d76800 JavaThread "Handler for socket connection from /127.0.0.1:50551 to /127.0.0.1:50552" [_thread_in_native, id=11704, stack(0x0000000018800000,0x0000000018900000)]
  0x0000000016d75800 JavaThread "Daemon" [_thread_blocked, id=12096, stack(0x0000000018700000,0x0000000018800000)]
  0x00000000169a6000 JavaThread "Daemon periodic checks" [_thread_blocked, id=9292, stack(0x0000000018600000,0x0000000018700000)]
  0x0000000016d7b800 JavaThread "Incoming local TCP Connector on port 50551" [_thread_in_native, id=3832, stack(0x00000000183c0000,0x00000000184c0000)]
  0x00000000160d1800 JavaThread "Service Thread" daemon [_thread_blocked, id=12360, stack(0x00000000164b0000,0x00000000165b0000)]
  0x0000000014763000 JavaThread "C1 CompilerThread2" daemon [_thread_in_native, id=9392, stack(0x0000000015fb0000,0x00000000160b0000)]
=>0x000000001475c800 JavaThread "C2 CompilerThread1" daemon [_thread_in_native, id=12812, stack(0x0000000015eb0000,0x0000000015fb0000)]
  0x0000000014758800 JavaThread "C2 CompilerThread0" daemon [_thread_in_native, id=13332, stack(0x0000000015db0000,0x0000000015eb0000)]
  0x0000000014767000 JavaThread "Attach Listener" daemon [_thread_blocked, id=4204, stack(0x0000000015cb0000,0x0000000015db0000)]
  0x0000000014765800 JavaThread "Signal Dispatcher" daemon [_thread_blocked, id=13620, stack(0x0000000015bb0000,0x0000000015cb0000)]
  0x00000000033eb800 JavaThread "Finalizer" daemon [_thread_blocked, id=104, stack(0x00000000159b0000,0x0000000015ab0000)]
  0x00000000033e0800 JavaThread "Reference Handler" daemon [_thread_blocked, id=12988, stack(0x00000000158b0000,0x00000000159b0000)]
  0x000000000148e800 JavaThread "main" [_thread_blocked, id=13680, stack(0x00000000030f0000,0x00000000031f0000)]

Other Threads:
  0x0000000014727000 VMThread [stack: 0x00000000157b0000,0x00000000158b0000] [id=12216]
  0x00000000160d2000 WatcherThread [stack: 0x00000000165b0000,0x00000000166b0000] [id=7148]

VM state:not at safepoint (normal execution)

VM Mutex/Monitor currently owned by a thread: None

Heap:
 PSYoungGen      total 21504K, used 8442K [0x00000000f5580000, 0x00000000f7f80000, 0x0000000100000000)
  eden space 15872K, 27% used [0x00000000f5580000,0x00000000f59d44f0,0x00000000f6500000)
  from space 5632K, 71% used [0x00000000f6500000,0x00000000f68ea590,0x00000000f6a80000)
  to   space 5632K, 0% used [0x00000000f7a00000,0x00000000f7a00000,0x00000000f7f80000)
 ParOldGen       total 44032K, used 5850K [0x00000000e0000000, 0x00000000e2b00000, 0x00000000f5580000)
  object space 44032K, 13% used [0x00000000e0000000,0x00000000e05b6a10,0x00000000e2b00000)
 Metaspace       used 15608K, capacity 15966K, committed 16256K, reserved 1062912K
  class space    used 2232K, capacity 2389K, committed 2432K, reserved 1048576K

Card table byte_map: [0x00000000127b0000,0x00000000128c0000] byte_map_base: 0x00000000120b0000

Marking Bits: (ParMarkBitMap*) 0x0000000053e65aa0
 Begin Bits: [0x0000000012cc0000, 0x00000000134c0000)
 End Bits:   [0x00000000134c0000, 0x0000000013cc0000)

Polling page: 0x0000000001450000

CodeCache: size=245760Kb used=5123Kb max_used=5123Kb free=240636Kb
 bounds [0x00000000033f0000, 0x0000000003900000, 0x00000000123f0000]
 total_blobs=1861 nmethods=1483 adapters=291
 compilation: enabled

Compilation events (10 events):
Event: 7.475 Thread 0x0000000014763000 1484   !   3       org.gradle.internal.service.DefaultServiceRegistry$ManagedObjectServiceProvider::getInstance (81 bytes)
Event: 7.476 Thread 0x0000000014763000 nmethod 1484 0x00000000038f0c10 code [0x00000000038f0d80, 0x00000000038f11e8]
Event: 7.476 Thread 0x0000000014763000 1485       3       sun.reflect.ReflectionFactory::checkInitted (19 bytes)
Event: 7.476 Thread 0x0000000014763000 nmethod 1485 0x00000000038f12d0 code [0x00000000038f1440, 0x00000000038f1708]
Event: 7.486 Thread 0x0000000014763000 1486       3       org.gradle.internal.service.DefaultServiceRegistry$SingletonService::getService (18 bytes)
Event: 7.486 Thread 0x0000000014763000 nmethod 1486 0x00000000038f1810 code [0x00000000038f19a0, 0x00000000038f1c18]
Event: 7.486 Thread 0x0000000014763000 1487       3       org.gradle.internal.service.DefaultServiceRegistry::access$1200 (6 bytes)
Event: 7.486 Thread 0x0000000014763000 nmethod 1487 0x00000000038f1d10 code [0x00000000038f1e80, 0x00000000038f1fe8]
Event: 7.501 Thread 0x0000000014763000 1488       3       org.gradle.internal.service.DefaultServiceRegistry::getService (14 bytes)
Event: 7.501 Thread 0x0000000014763000 nmethod 1488 0x00000000038f2090 code [0x00000000038f2200, 0x00000000038f2458]

GC Heap History (10 events):
Event: 3.592 GC heap before
{Heap before GC invocations=3 (full 0):
 PSYoungGen      total 18944K, used 18933K [0x00000000f5580000, 0x00000000f6a80000, 0x0000000100000000)
  eden space 16384K, 100% used [0x00000000f5580000,0x00000000f6580000,0x00000000f6580000)
  from space 2560K, 99% used [0x00000000f6800000,0x00000000f6a7d658,0x00000000f6a80000)
  to   space 2560K, 0% used [0x00000000f6580000,0x00000000f6580000,0x00000000f6800000)
 ParOldGen       total 44032K, used 474K [0x00000000e0000000, 0x00000000e2b00000, 0x00000000f5580000)
  object space 44032K, 1% used [0x00000000e0000000,0x00000000e0076a20,0x00000000e2b00000)
 Metaspace       used 7025K, capacity 7144K, committed 7424K, reserved 1056768K
  class space    used 869K, capacity 916K, committed 1024K, reserved 1048576K
Event: 3.608 GC heap after
Heap after GC invocations=3 (full 0):
 PSYoungGen      total 18944K, used 2544K [0x00000000f5580000, 0x00000000f6a80000, 0x0000000100000000)
  eden space 16384K, 0% used [0x00000000f5580000,0x00000000f5580000,0x00000000f6580000)
  from space 2560K, 99% used [0x00000000f6580000,0x00000000f67fc030,0x00000000f6800000)
  to   space 2560K, 0% used [0x00000000f6800000,0x00000000f6800000,0x00000000f6a80000)
 ParOldGen       total 44032K, used 897K [0x00000000e0000000, 0x00000000e2b00000, 0x00000000f5580000)
  object space 44032K, 2% used [0x00000000e0000000,0x00000000e00e0790,0x00000000e2b00000)
 Metaspace       used 7025K, capacity 7144K, committed 7424K, reserved 1056768K
  class space    used 869K, capacity 916K, committed 1024K, reserved 1048576K
}
Event: 4.048 GC heap before
{Heap before GC invocations=4 (full 0):
 PSYoungGen      total 18944K, used 18928K [0x00000000f5580000, 0x00000000f6a80000, 0x0000000100000000)
  eden space 16384K, 100% used [0x00000000f5580000,0x00000000f6580000,0x00000000f6580000)
  from space 2560K, 99% used [0x00000000f6580000,0x00000000f67fc030,0x00000000f6800000)
  to   space 2560K, 0% used [0x00000000f6800000,0x00000000f6800000,0x00000000f6a80000)
 ParOldGen       total 44032K, used 897K [0x00000000e0000000, 0x00000000e2b00000, 0x00000000f5580000)
  object space 44032K, 2% used [0x00000000e0000000,0x00000000e00e0790,0x00000000e2b00000)
 Metaspace       used 9304K, capacity 9564K, committed 9856K, reserved 1058816K
  class space    used 1252K, capacity 1356K, committed 1408K, reserved 1048576K
Event: 4.055 GC heap after
Heap after GC invocations=4 (full 0):
 PSYoungGen      total 18944K, used 2528K [0x00000000f5580000, 0x00000000f7a80000, 0x0000000100000000)
  eden space 16384K, 0% used [0x00000000f5580000,0x00000000f5580000,0x00000000f6580000)
  from space 2560K, 98% used [0x00000000f6800000,0x00000000f6a78020,0x00000000f6a80000)
  to   space 2560K, 0% used [0x00000000f6580000,0x00000000f6580000,0x00000000f6800000)
 ParOldGen       total 44032K, used 2821K [0x00000000e0000000, 0x00000000e2b00000, 0x00000000f5580000)
  object space 44032K, 6% used [0x00000000e0000000,0x00000000e02c15c0,0x00000000e2b00000)
 Metaspace       used 9304K, capacity 9564K, committed 9856K, reserved 1058816K
  class space    used 1252K, capacity 1356K, committed 1408K, reserved 1048576K
}
Event: 6.704 GC heap before
{Heap before GC invocations=5 (full 0):
 PSYoungGen      total 18944K, used 18912K [0x00000000f5580000, 0x00000000f7a80000, 0x0000000100000000)
  eden space 16384K, 100% used [0x00000000f5580000,0x00000000f6580000,0x00000000f6580000)
  from space 2560K, 98% used [0x00000000f6800000,0x00000000f6a78020,0x00000000f6a80000)
  to   space 2560K, 0% used [0x00000000f6580000,0x00000000f6580000,0x00000000f6800000)
 ParOldGen       total 44032K, used 2821K [0x00000000e0000000, 0x00000000e2b00000, 0x00000000f5580000)
  object space 44032K, 6% used [0x00000000e0000000,0x00000000e02c15c0,0x00000000e2b00000)
 Metaspace       used 12174K, capacity 12486K, committed 12672K, reserved 1060864K
  class space    used 1662K, capacity 1799K, committed 1920K, reserved 1048576K
Event: 6.711 GC heap after
Heap after GC invocations=5 (full 0):
 PSYoungGen      total 18944K, used 2544K [0x00000000f5580000, 0x00000000f6f80000, 0x0000000100000000)
  eden space 16384K, 0% used [0x00000000f5580000,0x00000000f5580000,0x00000000f6580000)
  from space 2560K, 99% used [0x00000000f6580000,0x00000000f67fc010,0x00000000f6800000)
  to   space 5120K, 0% used [0x00000000f6a80000,0x00000000f6a80000,0x00000000f6f80000)
 ParOldGen       total 44032K, used 4774K [0x00000000e0000000, 0x00000000e2b00000, 0x00000000f5580000)
  object space 44032K, 10% used [0x00000000e0000000,0x00000000e04a9ae0,0x00000000e2b00000)
 Metaspace       used 12174K, capacity 12486K, committed 12672K, reserved 1060864K
  class space    used 1662K, capacity 1799K, committed 1920K, reserved 1048576K
}
Event: 6.968 GC heap before
{Heap before GC invocations=6 (full 0):
 PSYoungGen      total 18944K, used 18928K [0x00000000f5580000, 0x00000000f6f80000, 0x0000000100000000)
  eden space 16384K, 100% used [0x00000000f5580000,0x00000000f6580000,0x00000000f6580000)
  from space 2560K, 99% used [0x00000000f6580000,0x00000000f67fc010,0x00000000f6800000)
  to   space 5120K, 0% used [0x00000000f6a80000,0x00000000f6a80000,0x00000000f6f80000)
 ParOldGen       total 44032K, used 4774K [0x00000000e0000000, 0x00000000e2b00000, 0x00000000f5580000)
  object space 44032K, 10% used [0x00000000e0000000,0x00000000e04a9ae0,0x00000000e2b00000)
 Metaspace       used 13606K, capacity 13966K, committed 14208K, reserved 1060864K
  class space    used 1919K, capacity 2059K, committed 2176K, reserved 1048576K
Event: 6.976 GC heap after
Heap after GC invocations=6 (full 0):
 PSYoungGen      total 20992K, used 4685K [0x00000000f5580000, 0x00000000f8080000, 0x0000000100000000)
  eden space 15872K, 0% used [0x00000000f5580000,0x00000000f5580000,0x00000000f6500000)
  from space 5120K, 91% used [0x00000000f6a80000,0x00000000f6f13430,0x00000000f6f80000)
  to   space 5632K, 0% used [0x00000000f6500000,0x00000000f6500000,0x00000000f6a80000)
 ParOldGen       total 44032K, used 4782K [0x00000000e0000000, 0x00000000e2b00000, 0x00000000f5580000)
  object space 44032K, 10% used [0x00000000e0000000,0x00000000e04abae0,0x00000000e2b00000)
 Metaspace       used 13606K, capacity 13966K, committed 14208K, reserved 1060864K
  class space    used 1919K, capacity 2059K, committed 2176K, reserved 1048576K
}
Event: 7.417 GC heap before
{Heap before GC invocations=7 (full 0):
 PSYoungGen      total 20992K, used 20557K [0x00000000f5580000, 0x00000000f8080000, 0x0000000100000000)
  eden space 15872K, 100% used [0x00000000f5580000,0x00000000f6500000,0x00000000f6500000)
  from space 5120K, 91% used [0x00000000f6a80000,0x00000000f6f13430,0x00000000f6f80000)
  to   space 5632K, 0% used [0x00000000f6500000,0x00000000f6500000,0x00000000f6a80000)
 ParOldGen       total 44032K, used 4782K [0x00000000e0000000, 0x00000000e2b00000, 0x00000000f5580000)
  object space 44032K, 10% used [0x00000000e0000000,0x00000000e04abae0,0x00000000e2b00000)
 Metaspace       used 15133K, capacity 15518K, committed 15744K, reserved 1062912K
  class space    used 2152K, capacity 2325K, committed 2432K, reserved 1048576K
Event: 7.431 GC heap after
Heap after GC invocations=7 (full 0):
 PSYoungGen      total 21504K, used 4009K [0x00000000f5580000, 0x00000000f7f80000, 0x0000000100000000)
  eden space 15872K, 0% used [0x00000000f5580000,0x00000000f5580000,0x00000000f6500000)
  from space 5632K, 71% used [0x00000000f6500000,0x00000000f68ea590,0x00000000f6a80000)
  to   space 5632K, 0% used [0x00000000f7a00000,0x00000000f7a00000,0x00000000f7f80000)
 ParOldGen       total 44032K, used 5850K [0x00000000e0000000, 0x00000000e2b00000, 0x00000000f5580000)
  object space 44032K, 13% used [0x00000000e0000000,0x00000000e05b6a10,0x00000000e2b00000)
 Metaspace       used 15133K, capacity 15518K, committed 15744K, reserved 1062912K
  class space    used 2152K, capacity 2325K, committed 2432K, reserved 1048576K
}

Deoptimization events (10 events):
Event: 6.571 Thread 0x0000000016a8e000 Uncommon trap: reason=bimorphic action=maybe_recompile pc=0x000000000367eea0 method=java.util.HashMap.putVal(ILjava/lang/Object;Ljava/lang/Object;ZZ)Ljava/lang/Object; @ 253
Event: 6.572 Thread 0x0000000016a8e000 Uncommon trap: reason=bimorphic action=maybe_recompile pc=0x000000000367eea0 method=java.util.HashMap.putVal(ILjava/lang/Object;Ljava/lang/Object;ZZ)Ljava/lang/Object; @ 253
Event: 6.572 Thread 0x0000000016a8e000 Uncommon trap: reason=bimorphic action=maybe_recompile pc=0x000000000367eea0 method=java.util.HashMap.putVal(ILjava/lang/Object;Ljava/lang/Object;ZZ)Ljava/lang/Object; @ 253
Event: 6.572 Thread 0x0000000016a8e000 Uncommon trap: reason=bimorphic action=maybe_recompile pc=0x000000000367eea0 method=java.util.HashMap.putVal(ILjava/lang/Object;Ljava/lang/Object;ZZ)Ljava/lang/Object; @ 253
Event: 6.572 Thread 0x0000000016a8e000 Uncommon trap: reason=bimorphic action=maybe_recompile pc=0x000000000367a4a0 method=java.util.HashMap.putVal(ILjava/lang/Object;Ljava/lang/Object;ZZ)Ljava/lang/Object; @ 253
Event: 7.032 Thread 0x0000000016a8e000 Uncommon trap: reason=class_check action=maybe_recompile pc=0x00000000036b3204 method=java.util.regex.Matcher.match(II)Z @ 86
Event: 7.053 Thread 0x0000000016a8e000 Uncommon trap: reason=class_check action=maybe_recompile pc=0x00000000036b3204 method=java.util.regex.Matcher.match(II)Z @ 86
Event: 7.053 Thread 0x0000000016a8e000 Uncommon trap: reason=class_check action=maybe_recompile pc=0x00000000036b3204 method=java.util.regex.Matcher.match(II)Z @ 86
Event: 7.053 Thread 0x0000000016a8e000 Uncommon trap: reason=class_check action=maybe_recompile pc=0x000000000367475c method=java.util.regex.Matcher.match(II)Z @ 86
Event: 7.333 Thread 0x0000000016a8e000 Uncommon trap: reason=unstable_if action=reinterpret pc=0x000000000383ff74 method=java.lang.String.lastIndexOf([CII[CIII)I @ 66

Classes redefined (0 events):
No events

Internal exceptions (10 events):
Event: 6.489 Thread 0x0000000016d76800 Exception <a 'java/lang/NoSuchMethodError': <clinit>> (0x00000000f5a56a88) thrown at [D:\src\AOSP-openjdk-cygwin\jdk8u\hotspot\src\share\vm\prims\jni.cpp, line 1613]
Event: 6.490 Thread 0x0000000016d76800 Exception <a 'java/lang/NoSuchMethodError': <clinit>> (0x00000000f5a62380) thrown at [D:\src\AOSP-openjdk-cygwin\jdk8u\hotspot\src\share\vm\prims\jni.cpp, line 1613]
Event: 6.492 Thread 0x0000000016d76800 Exception <a 'java/lang/NoSuchMethodError': <clinit>> (0x00000000f5a6b960) thrown at [D:\src\AOSP-openjdk-cygwin\jdk8u\hotspot\src\share\vm\prims\jni.cpp, line 1613]
Event: 6.498 Thread 0x0000000016d76800 Exception <a 'java/lang/NoSuchMethodError': <clinit>> (0x00000000f5a92b90) thrown at [D:\src\AOSP-openjdk-cygwin\jdk8u\hotspot\src\share\vm\prims\jni.cpp, line 1613]
Event: 6.502 Thread 0x0000000016d76800 Exception <a 'java/lang/NoSuchMethodError': <clinit>> (0x00000000f5aaacf0) thrown at [D:\src\AOSP-openjdk-cygwin\jdk8u\hotspot\src\share\vm\prims\jni.cpp, line 1613]
Event: 6.504 Thread 0x0000000016d76800 Exception <a 'java/lang/NoSuchMethodError': <clinit>> (0x00000000f5ab37b8) thrown at [D:\src\AOSP-openjdk-cygwin\jdk8u\hotspot\src\share\vm\prims\jni.cpp, line 1613]
Event: 6.507 Thread 0x0000000016d76800 Exception <a 'java/lang/NoSuchMethodError': <clinit>> (0x00000000f5ac96a0) thrown at [D:\src\AOSP-openjdk-cygwin\jdk8u\hotspot\src\share\vm\prims\jni.cpp, line 1613]
Event: 6.525 Thread 0x0000000016d76800 Exception <a 'java/lang/NoSuchMethodError': <clinit>> (0x00000000f5b27fa0) thrown at [D:\src\AOSP-openjdk-cygwin\jdk8u\hotspot\src\share\vm\prims\jni.cpp, line 1613]
Event: 6.530 Thread 0x0000000016d76800 Exception <a 'java/lang/NoSuchMethodError': <clinit>> (0x00000000f5b54570) thrown at [D:\src\AOSP-openjdk-cygwin\jdk8u\hotspot\src\share\vm\prims\jni.cpp, line 1613]
Event: 6.537 Thread 0x0000000016d76800 Exception <a 'java/lang/NoSuchMethodError': <clinit>> (0x00000000f5b710d8) thrown at [D:\src\AOSP-openjdk-cygwin\jdk8u\hotspot\src\share\vm\prims\jni.cpp, line 1613]

Events (10 events):
Event: 7.559 loading class java/lang/reflect/GenericArrayType done
Event: 7.560 loading class sun/reflect/annotation/AnnotationType$1
Event: 7.560 loading class sun/reflect/annotation/AnnotationType$1 done
Event: 7.560 loading class java/lang/annotation/Retention
Event: 7.560 loading class java/lang/annotation/Retention done
Event: 7.561 loading class java/lang/annotation/Documented
Event: 7.561 loading class java/lang/annotation/Documented done
Event: 7.561 loading class java/lang/annotation/RetentionPolicy
Event: 7.561 loading class java/lang/annotation/RetentionPolicy done
Event: 7.561 loading class sun/reflect/annotation/AnnotationTypeMismatchExceptionProxy


Dynamic libraries:
0x00007ff7a7490000 - 0x00007ff7a74c1000 	C:\Program Files\Android\Android Studio\jre\bin\java.exe
0x00007ffd82c50000 - 0x00007ffd82e3d000 	C:\Windows\SYSTEM32\ntdll.dll
0x00007ffd826a0000 - 0x00007ffd82753000 	C:\Windows\System32\KERNEL32.DLL
0x00007ffd7f020000 - 0x00007ffd7f2b3000 	C:\Windows\System32\KERNELBASE.dll
0x00007ffd825f0000 - 0x00007ffd82693000 	C:\Windows\System32\ADVAPI32.dll
0x00007ffd82760000 - 0x00007ffd827fe000 	C:\Windows\System32\msvcrt.dll
0x00007ffd80490000 - 0x00007ffd8052e000 	C:\Windows\System32\sechost.dll
0x00007ffd80530000 - 0x00007ffd80652000 	C:\Windows\System32\RPCRT4.dll
0x00007ffd80bf0000 - 0x00007ffd80d87000 	C:\Windows\System32\USER32.dll
0x00007ffd7ef00000 - 0x00007ffd7ef20000 	C:\Windows\System32\win32u.dll
0x00007ffd80390000 - 0x00007ffd803b9000 	C:\Windows\System32\GDI32.dll
0x00007ffd7f2e0000 - 0x00007ffd7f47a000 	C:\Windows\System32\gdi32full.dll
0x00007ffd7fd50000 - 0x00007ffd7fdf0000 	C:\Windows\System32\msvcp_win.dll
0x00007ffd7f480000 - 0x00007ffd7f57a000 	C:\Windows\System32\ucrtbase.dll
0x00007ffd6fc30000 - 0x00007ffd6fea9000 	C:\Windows\WinSxS\amd64_microsoft.windows.common-controls_6595b64144ccf1df_6.0.17763.379_none_05b83be8071c94a1\COMCTL32.dll
0x00007ffd7fef0000 - 0x00007ffd8021d000 	C:\Windows\System32\combase.dll
0x00007ffd7fcd0000 - 0x00007ffd7fd4e000 	C:\Windows\System32\bcryptPrimitives.dll
0x00007ffd82bf0000 - 0x00007ffd82c1e000 	C:\Windows\System32\IMM32.DLL
0x0000000054090000 - 0x0000000054162000 	C:\Program Files\Android\Android Studio\jre\jre\bin\msvcr100.dll
0x00000000536a0000 - 0x0000000053ee1000 	C:\Program Files\Android\Android Studio\jre\jre\bin\server\jvm.dll
0x00007ffd82880000 - 0x00007ffd82888000 	C:\Windows\System32\PSAPI.DLL
0x00007ffd7c1f0000 - 0x00007ffd7c214000 	C:\Windows\SYSTEM32\WINMM.dll
0x00007ffd77900000 - 0x00007ffd7790a000 	C:\Windows\SYSTEM32\VERSION.dll
0x00007ffd7d820000 - 0x00007ffd7d829000 	C:\Windows\SYSTEM32\WSOCK32.dll
0x00007ffd803c0000 - 0x00007ffd8042d000 	C:\Windows\System32\WS2_32.dll
0x00007ffd7c1c0000 - 0x00007ffd7c1ed000 	C:\Windows\SYSTEM32\winmmbase.dll
0x00007ffd7ef20000 - 0x00007ffd7ef6a000 	C:\Windows\System32\cfgmgr32.dll
0x00007ffd7aab0000 - 0x00007ffd7aabf000 	C:\Program Files\Android\Android Studio\jre\jre\bin\verify.dll
0x00007ffd6d350000 - 0x00007ffd6d379000 	C:\Program Files\Android\Android Studio\jre\jre\bin\java.dll
0x00007ffd78b00000 - 0x00007ffd78b16000 	C:\Program Files\Android\Android Studio\jre\jre\bin\zip.dll
0x00007ffd80fd0000 - 0x00007ffd824c0000 	C:\Windows\System32\SHELL32.dll
0x00007ffd82970000 - 0x00007ffd82a18000 	C:\Windows\System32\shcore.dll
0x00007ffd7f580000 - 0x00007ffd7fcca000 	C:\Windows\System32\windows.storage.dll
0x00007ffd7ecf0000 - 0x00007ffd7ed14000 	C:\Windows\System32\profapi.dll
0x00007ffd7ec90000 - 0x00007ffd7eced000 	C:\Windows\System32\powrprof.dll
0x00007ffd80660000 - 0x00007ffd806b2000 	C:\Windows\System32\shlwapi.dll
0x00007ffd7ec50000 - 0x00007ffd7ec61000 	C:\Windows\System32\kernel.appcore.dll
0x00007ffd7f2c0000 - 0x00007ffd7f2d7000 	C:\Windows\System32\cryptsp.dll
0x00007ffd787a0000 - 0x00007ffd787ba000 	C:\Program Files\Android\Android Studio\jre\jre\bin\net.dll
0x00007ffd7e4d0000 - 0x00007ffd7e537000 	C:\Windows\system32\mswsock.dll
0x00007ffd73390000 - 0x00007ffd733a1000 	C:\Program Files\Android\Android Studio\jre\jre\bin\nio.dll
0x00007ffd70a90000 - 0x00007ffd70aae000 	C:\Users\Irfanet\.gradle\native\25\windows-amd64\native-platform.dll
0x00007ffd77fe0000 - 0x00007ffd77fed000 	C:\Program Files\Android\Android Studio\jre\jre\bin\management.dll
0x00007ffd7e090000 - 0x00007ffd7e0c3000 	C:\Windows\system32\rsaenh.dll
0x00007ffd7fdf0000 - 0x00007ffd7fe16000 	C:\Windows\System32\bcrypt.dll
0x00007ffd7eb80000 - 0x00007ffd7eba8000 	C:\Windows\SYSTEM32\USERENV.dll
0x00007ffd7e6a0000 - 0x00007ffd7e6ac000 	C:\Windows\SYSTEM32\CRYPTBASE.dll
0x00007ffd7e230000 - 0x00007ffd7e26d000 	C:\Windows\SYSTEM32\IPHLPAPI.DLL
0x00007ffd7fee0000 - 0x00007ffd7fee8000 	C:\Windows\System32\NSI.dll
0x00007ffd778e0000 - 0x00007ffd778f6000 	C:\Windows\SYSTEM32\dhcpcsvc6.DLL
0x00007ffd782c0000 - 0x00007ffd782dc000 	C:\Windows\SYSTEM32\dhcpcsvc.DLL
0x00007ffd7e270000 - 0x00007ffd7e336000 	C:\Windows\SYSTEM32\DNSAPI.dll

VM Arguments:
jvm_args: -Xmx512m -Dfile.encoding=windows-1252 -Duser.country=ID -Duser.language=en -Duser.variant 
java_command: org.gradle.launcher.daemon.bootstrap.GradleDaemon 4.10.1
java_class_path (initial): C:\Users\Irfanet\.gradle\wrapper\dists\gradle-4.10.1-all\455itskqi2qtf0v2sja68alqd\gradle-4.10.1\lib\gradle-launcher-4.10.1.jar
Launcher Type: SUN_STANDARD

Environment Variables:
PATH=C:\Program Files (x86)\Intel\iCLS Client\;C:\Program Files\Intel\iCLS Client\;C:\Windows\system32;C:\Windows;C:\Windows\System32\Wbem;C:\Windows\System32\WindowsPowerShell\v1.0\;C:\Windows\System32\OpenSSH\;C:\Program Files (x86)\Intel\Intel(R) Management Engine Components\DAL;C:\Program Files\Intel\Intel(R) Management Engine Components\DAL;C:\Program Files (x86)\Intel\Intel(R) Management Engine Components\IPT;C:\Program Files\Intel\Intel(R) Management Engine Components\IPT;C:\Program Files (x86)\NVIDIA Corporation\PhysX\Common;C:\Program Files\MATLAB\R2017b\runtime\win64;C:\Program Files\MATLAB\R2017b\bin;C:\Program Files\Git\cmd;C:\Program Files\Git\mingw64\bin;C:\Program Files\Git\usr\bin;C:\Users\Irfanet\AppData\Local\Microsoft\WindowsApps;
USERNAME=Irfanet
OS=Windows_NT
PROCESSOR_IDENTIFIER=Intel64 Family 6 Model 61 Stepping 4, GenuineIntel



---------------  S Y S T E M  ---------------

OS: Windows 10.0 , 64 bit Build 17763 (10.0.17763.379)

CPU:total 4 (initial active 4) (2 cores per cpu, 2 threads per core) family 6 model 61 stepping 4, cmov, cx8, fxsr, mmx, sse, sse2, sse3, ssse3, sse4.1, sse4.2, popcnt, avx, avx2, aes, clmul, erms, 3dnowpref, lzcnt, ht, tsc, tscinvbit, bmi1, bmi2, adx

Memory: 4k page, physical 4090008k(374804k free), swap 16672920k(4128k free)

vm_info: OpenJDK 64-Bit Server VM (25.152-b01) for windows-amd64 JRE (1.8.0_152-release-1248-b01), built by "builder" with MS VC++ 10.0 (VS2010)

time: Wed Apr 10 19:52:12 2019
elapsed time: 7 seconds (0d 0h 0m 7s)

